\BOOKMARK [1][-]{section.1}{H-2.1}{}% 1
\BOOKMARK [2][-]{subsection.1.1}{Bipolar 8-ASK}{section.1}% 2
\BOOKMARK [3][-]{subsubsection.1.1.1}{Natural Mapping}{subsection.1.1}% 3
\BOOKMARK [3][-]{subsubsection.1.1.2}{Gray Mapping}{subsection.1.1}% 4
\BOOKMARK [2][-]{subsection.1.2}{16-QAM}{section.1}% 5
\BOOKMARK [3][-]{subsubsection.1.2.1}{Natural Mapping}{subsection.1.2}% 6
\BOOKMARK [3][-]{subsubsection.1.2.2}{Gray Mapping}{subsection.1.2}% 7
\BOOKMARK [1][-]{section.2}{H-2.2}{}% 8
\BOOKMARK [2][-]{subsection.2.1}{Natural Mapping}{section.2}% 9
\BOOKMARK [2][-]{subsection.2.2}{Gray Mapping}{section.2}% 10
\BOOKMARK [1][-]{section.3}{H-2.3}{}% 11
\BOOKMARK [2][-]{subsection.3.1}{4-QAM}{section.3}% 12
\BOOKMARK [2][-]{subsection.3.2}{8-ASK}{section.3}% 13
\BOOKMARK [2][-]{subsection.3.3}{16-QAM}{section.3}% 14
\BOOKMARK [1][-]{section.4}{H-2.4}{}% 15
\BOOKMARK [1][-]{section.5}{H-2.5}{}% 16
\BOOKMARK [1][-]{section.6}{H-2.6}{}% 17
\BOOKMARK [1][-]{section.7}{H-2.7}{}% 18
\BOOKMARK [1][-]{section.8}{H-2.8}{}% 19
\BOOKMARK [1][-]{section.9}{H-2.9}{}% 20
\BOOKMARK [1][-]{section.10}{H-2.10}{}% 21
\BOOKMARK [1][-]{section.11}{H-2.11 and H-2.12}{}% 22
\BOOKMARK [2][-]{subsection.11.1}{Natural Mapping}{section.11}% 23
\BOOKMARK [2][-]{subsection.11.2}{Gray Mapping}{section.11}% 24
\BOOKMARK [2][-]{subsection.11.3}{Conclusion}{section.11}% 25
\BOOKMARK [1][-]{section.12}{H-2.13}{}% 26
\BOOKMARK [2][-]{subsection.12.1}{Natural Mapping}{section.12}% 27
\BOOKMARK [2][-]{subsection.12.2}{Gray Mapping}{section.12}% 28
\BOOKMARK [1][-]{section.13}{H-2.14}{}% 29
\BOOKMARK [1][-]{section.14}{H-2.15}{}% 30
